d:\burnes\programacion\desktopimgui\imgui-docking\examples\example_win32_directx9\debug\vc141.pdb
d:\burnes\programacion\desktopimgui\imgui-docking\examples\example_win32_directx9\debug\vc141.idb
d:\burnes\programacion\desktopimgui\imgui-docking\examples\example_win32_directx9\debug\imgui_impl_win32.obj
d:\burnes\programacion\desktopimgui\imgui-docking\examples\example_win32_directx9\debug\imgui_impl_dx9.obj
d:\burnes\programacion\desktopimgui\imgui-docking\examples\example_win32_directx9\debug\imgui_widgets.obj
d:\burnes\programacion\desktopimgui\imgui-docking\examples\example_win32_directx9\debug\imgui_tables.obj
d:\burnes\programacion\desktopimgui\imgui-docking\examples\example_win32_directx9\debug\imgui_demo.obj
d:\burnes\programacion\desktopimgui\imgui-docking\examples\example_win32_directx9\debug\imgui.obj
d:\burnes\programacion\desktopimgui\imgui-docking\examples\example_win32_directx9\debug\vc142.pdb
d:\burnes\programacion\desktopimgui\imgui-docking\examples\example_win32_directx9\debug\vc142.idb
d:\burnes\programacion\desktopimgui\imgui-docking\examples\example_win32_directx9\debug\main.obj
d:\burnes\programacion\desktopimgui\imgui-docking\examples\example_win32_directx9\debug\application.obj
d:\burnes\programacion\desktopimgui\imgui-docking\examples\example_win32_directx9\debug\imgui_draw.obj
d:\burnes\programacion\desktopimgui\imgui-docking\examples\example_win32_directx9\debug\example_win32_directx9.exe
d:\burnes\programacion\desktopimgui\imgui-docking\examples\example_win32_directx9\debug\example_win32_directx9.ilk
d:\burnes\programacion\desktopimgui\imgui-docking\examples\example_win32_directx9\debug\example_win32_directx9.pdb
d:\burnes\programacion\desktopimgui\imgui-docking\examples\example_win32_directx9\debug\example_.4165a294.tlog\cl.command.1.tlog
d:\burnes\programacion\desktopimgui\imgui-docking\examples\example_win32_directx9\debug\example_.4165a294.tlog\cl.read.1.tlog
d:\burnes\programacion\desktopimgui\imgui-docking\examples\example_win32_directx9\debug\example_.4165a294.tlog\cl.write.1.tlog
d:\burnes\programacion\desktopimgui\imgui-docking\examples\example_win32_directx9\debug\example_.4165a294.tlog\link.command.1.tlog
d:\burnes\programacion\desktopimgui\imgui-docking\examples\example_win32_directx9\debug\example_.4165a294.tlog\link.read.1.tlog
d:\burnes\programacion\desktopimgui\imgui-docking\examples\example_win32_directx9\debug\example_.4165a294.tlog\link.write.1.tlog
